d:\qtproject\7z\7z\generatedfiles\debug\moc_dialog.cpp
d:\qtproject\7z\7z\generatedfiles\debug\moc_dialog_showlist.cpp
d:\qtproject\7z\7z\generatedfiles\debug\moc_mainwindow.cpp
d:\qtproject\7z\7z\generatedfiles\debug\moc_threadgetsize.cpp
d:\qtproject\7z\7z\generatedfiles\ui_dialog.h
d:\qtproject\7z\7z\generatedfiles\ui_dialog_showlist.h
d:\qtproject\7z\7z\generatedfiles\ui_mainwindow.h
d:\qtproject\7z\7z\debug\dialog_showlist.obj
d:\qtproject\7z\7z\debug\dialog.obj
d:\qtproject\7z\7z\debug\threadgetsize.obj
d:\qtproject\7z\7z\debug\mainwindow.obj
d:\qtproject\7z\7z\debug\main.obj
d:\qtproject\7z\7z\debug\vc120.pdb
d:\qtproject\7z\7z\debug\moc_dialog.obj
d:\qtproject\7z\7z\debug\moc_dialog_showlist.obj
d:\qtproject\7z\7z\debug\moc_mainwindow.obj
d:\qtproject\7z\7z\debug\moc_threadgetsize.obj
d:\qtproject\7z\7z\debug\7z.ilk
d:\qtproject\7z\7z\debug\7z.exe
d:\qtproject\7z\7z\debug\7z.pdb
d:\qtproject\7z\7z\debug\7z.vc.pdb
d:\qtproject\7z\7z\debug\7z.tlog\7z.write.1u.tlog
d:\qtproject\7z\7z\debug\7z.tlog\cl.command.1.tlog
d:\qtproject\7z\7z\debug\7z.tlog\cl.read.1.tlog
d:\qtproject\7z\7z\debug\7z.tlog\cl.write.1.tlog
d:\qtproject\7z\7z\debug\7z.tlog\link.command.1.tlog
d:\qtproject\7z\7z\debug\7z.tlog\link.read.1.tlog
d:\qtproject\7z\7z\debug\7z.tlog\link.write.1.tlog
