生成启动时间为 2018/8/2 14:26:02。
     1>项目“D:\QtProject\7z\7z\7z.vcxproj”在节点 2 上(Rebuild 个目标)。
     1>QtMoc:
         cmd.exe /C "C:\Users\zhangcb-a\AppData\Local\Temp\tmp13263a267d1843e584f3b21c133adfd1.cmd"
         echo Moc'ing dialog.h...;D:\QT\QT5.6.3\5.6.3\MSVC2013\bin\moc.exe;"D:\QtProject\7z\7z\dialog.h" -o ".\GeneratedFiles\Debug\moc_dialog.cpp" "-I.\GeneratedFiles\Debug" "-I.\GeneratedFiles" "-ID:/QT/QT5.6.3/5.6.3/MSVC2013/mkspecs/win32-msvc2013" "-I." "-ID:/QT/QT5.6.3/5.6.3/MSVC2013/include" "-ID:/QT/QT5.6.3/5.6.3/MSVC2013/include/QtWidgets" "-ID:/QT/QT5.6.3/5.6.3/MSVC2013/include/QtGui" "-ID:/QT/QT5.6.3/5.6.3/MSVC2013/include/QtANGLE" "-ID:/QT/QT5.6.3/5.6.3/MSVC2013/include/QtCore" -DUNICODE -DWIN32 -DQT_WIDGETS_LIB -DQT_GUI_LIB -DQT_CORE_LIB -D_MSC_VER=1800 -D_WIN32  >> "D:\QtProject\7z\7z\.\Debug\qt.txt"
       QtMoc:
         cmd.exe /C "C:\Users\zhangcb-a\AppData\Local\Temp\tmp76d68e2cf2904048a13745232f112927.cmd"
         echo Moc'ing dialog_showlist.h...;D:\QT\QT5.6.3\5.6.3\MSVC2013\bin\moc.exe;"D:\QtProject\7z\7z\dialog_showlist.h" -o ".\GeneratedFiles\Debug\moc_dialog_showlist.cpp" "-I.\GeneratedFiles\Debug" "-I.\GeneratedFiles" "-ID:/QT/QT5.6.3/5.6.3/MSVC2013/mkspecs/win32-msvc2013" "-I." "-ID:/QT/QT5.6.3/5.6.3/MSVC2013/include" "-ID:/QT/QT5.6.3/5.6.3/MSVC2013/include/QtWidgets" "-ID:/QT/QT5.6.3/5.6.3/MSVC2013/include/QtGui" "-ID:/QT/QT5.6.3/5.6.3/MSVC2013/include/QtANGLE" "-ID:/QT/QT5.6.3/5.6.3/MSVC2013/include/QtCore" -DUNICODE -DWIN32 -DQT_WIDGETS_LIB -DQT_GUI_LIB -DQT_CORE_LIB -D_MSC_VER=1800 -D_WIN32  >> "D:\QtProject\7z\7z\.\Debug\qt.txt"
       QtMoc:
         cmd.exe /C "C:\Users\zhangcb-a\AppData\Local\Temp\tmp52aa37de9edd43aaae7f59958f769d63.cmd"
         echo Moc'ing mainwindow.h...;D:\QT\QT5.6.3\5.6.3\MSVC2013\bin\moc.exe;"D:\QtProject\7z\7z\mainwindow.h" -o ".\GeneratedFiles\Debug\moc_mainwindow.cpp" "-I.\GeneratedFiles\Debug" "-I.\GeneratedFiles" "-ID:/QT/QT5.6.3/5.6.3/MSVC2013/mkspecs/win32-msvc2013" "-I." "-ID:/QT/QT5.6.3/5.6.3/MSVC2013/include" "-ID:/QT/QT5.6.3/5.6.3/MSVC2013/include/QtWidgets" "-ID:/QT/QT5.6.3/5.6.3/MSVC2013/include/QtGui" "-ID:/QT/QT5.6.3/5.6.3/MSVC2013/include/QtANGLE" "-ID:/QT/QT5.6.3/5.6.3/MSVC2013/include/QtCore" -DUNICODE -DWIN32 -DQT_WIDGETS_LIB -DQT_GUI_LIB -DQT_CORE_LIB -D_MSC_VER=1800 -D_WIN32  >> "D:\QtProject\7z\7z\.\Debug\qt.txt"
       QtMoc:
         cmd.exe /C "C:\Users\zhangcb-a\AppData\Local\Temp\tmp73f7dc2a44e44a24ba926d36a3237370.cmd"
         echo Moc'ing threadgetsize.h...;D:\QT\QT5.6.3\5.6.3\MSVC2013\bin\moc.exe;"D:\QtProject\7z\7z\threadgetsize.h" -o ".\GeneratedFiles\Debug\moc_threadgetsize.cpp" "-I.\GeneratedFiles\Debug\." "-I.\GeneratedFiles" "-I." "-I.\..\..\..\QT\QT5.6.3\5.6.3\MSVC2013\include" "-I.\..\..\..\QT\QT5.6.3\5.6.3\MSVC2013\include\QtWidgets" "-I.\..\..\..\QT\QT5.6.3\5.6.3\MSVC2013\include\QtGui" "-I.\..\..\..\QT\QT5.6.3\5.6.3\MSVC2013\include\QtANGLE" "-I.\..\..\..\QT\QT5.6.3\5.6.3\MSVC2013\include\QtCore" "-I.\debug" "-I.\..\..\..\QT\QT5.6.3\5.6.3\MSVC2013\mkspecs\win32-msvc2013" -D_WINDOWS -DUNICODE -DWIN32 -DQT_WIDGETS_LIB -DQT_GUI_LIB -DQT_CORE_LIB  >> "D:\QtProject\7z\7z\.\Debug\qt.txt"
       QtUic:
         cmd.exe /C "C:\Users\zhangcb-a\AppData\Local\Temp\tmp7150c670289b4cc7b0c2a40baa6b2b54.cmd"
         echo Uic'ing dialog.ui...;D:\QT\QT5.6.3\5.6.3\MSVC2013\bin\uic.exe;"D:\QtProject\7z\7z\dialog.ui" -o ".\GeneratedFiles\ui_dialog.h"  >> "D:\QtProject\7z\7z\.\Debug\qt.txt"
       QtUic:
         cmd.exe /C "C:\Users\zhangcb-a\AppData\Local\Temp\tmp1611cf36af2b478a87db38f54abaa747.cmd"
         echo Uic'ing dialog_showlist.ui...;D:\QT\QT5.6.3\5.6.3\MSVC2013\bin\uic.exe;"D:\QtProject\7z\7z\dialog_showlist.ui" -o ".\GeneratedFiles\ui_dialog_showlist.h"  >> "D:\QtProject\7z\7z\.\Debug\qt.txt"
       QtUic:
         cmd.exe /C "C:\Users\zhangcb-a\AppData\Local\Temp\tmpeabd260c2362499896e2eda4de9364a3.cmd"
         echo Uic'ing mainwindow.ui...;D:\QT\QT5.6.3\5.6.3\MSVC2013\bin\uic.exe;"D:\QtProject\7z\7z\mainwindow.ui" -o ".\GeneratedFiles\ui_mainwindow.h"  >> "D:\QtProject\7z\7z\.\Debug\qt.txt"
       QtFinalize:
         Moc'ing dialog.h...
         Moc'ing dialog_showlist.h...
         Moc'ing mainwindow.h...
         Moc'ing threadgetsize.h...
         Uic'ing dialog.ui...
         Uic'ing dialog_showlist.ui...
         Uic'ing mainwindow.ui...
       ClCompile:
         F:\VS\VC\bin\CL.exe /c /I.\GeneratedFiles\Debug /I.\GeneratedFiles /I. /I..\..\..\QT\QT5.6.3\5.6.3\MSVC2013\include /I..\..\..\QT\QT5.6.3\5.6.3\MSVC2013\include\QtWidgets /I..\..\..\QT\QT5.6.3\5.6.3\MSVC2013\include\QtGui /I..\..\..\QT\QT5.6.3\5.6.3\MSVC2013\include\QtANGLE /I..\..\..\QT\QT5.6.3\5.6.3\MSVC2013\include\QtCore /Idebug /I"..\..\..\QT\QT5.6.3\5.6.3\MSVC2013\mkspecs\win32-msvc2013" /Zi /nologo /W3 /WX- /MP /Od /Oy- /D _WINDOWS /D UNICODE /D WIN32 /D QT_WIDGETS_LIB /D QT_GUI_LIB /D QT_CORE_LIB /Gm- /EHsc /MDd /GS /fp:precise /Zc:wchar_t /Zc:forScope /GR /Fo".\Debug\\" /Fd".\Debug\vc120.pdb" /Gd /TP /analyze- /errorReport:prompt -w34100 -w34189 -w44996 dialog.cpp dialog_showlist.cpp main.cpp mainwindow.cpp threadgetsize.cpp
         dialog.cpp
         dialog_showlist.cpp
         main.cpp
         mainwindow.cpp
         threadgetsize.cpp
         F:\VS\VC\bin\CL.exe /c /I.\GeneratedFiles\Debug /I.\GeneratedFiles /I"D:/QT/QT5.6.3/5.6.3/MSVC2013/mkspecs/win32-msvc2013" /I. /ID:/QT/QT5.6.3/5.6.3/MSVC2013/include /ID:/QT/QT5.6.3/5.6.3/MSVC2013/include/QtWidgets /ID:/QT/QT5.6.3/5.6.3/MSVC2013/include/QtGui /ID:/QT/QT5.6.3/5.6.3/MSVC2013/include/QtANGLE /ID:/QT/QT5.6.3/5.6.3/MSVC2013/include/QtCore /Zi /nologo /W3 /WX- /MP /Od /Oy- /D UNICODE /D WIN32 /D QT_WIDGETS_LIB /D QT_GUI_LIB /D QT_CORE_LIB /D _MSC_VER=1800 /D _WIN32 /Gm- /EHsc /MDd /GS /fp:precise /Zc:wchar_t /Zc:forScope /GR /Fo".\Debug\\" /Fd".\Debug\vc120.pdb" /Gd /TP /analyze- /errorReport:prompt -w34100 -w34189 -w44996 .\GeneratedFiles\Debug\moc_dialog.cpp .\GeneratedFiles\Debug\moc_dialog_showlist.cpp .\GeneratedFiles\Debug\moc_mainwindow.cpp
         moc_dialog.cpp
         moc_dialog_showlist.cpp
         moc_mainwindow.cpp
         F:\VS\VC\bin\CL.exe /c /I.\GeneratedFiles\Debug\. /I.\GeneratedFiles /I. /I.\..\..\..\QT\QT5.6.3\5.6.3\MSVC2013\include /I.\..\..\..\QT\QT5.6.3\5.6.3\MSVC2013\include\QtWidgets /I.\..\..\..\QT\QT5.6.3\5.6.3\MSVC2013\include\QtGui /I.\..\..\..\QT\QT5.6.3\5.6.3\MSVC2013\include\QtANGLE /I.\..\..\..\QT\QT5.6.3\5.6.3\MSVC2013\include\QtCore /I.\debug /I".\..\..\..\QT\QT5.6.3\5.6.3\MSVC2013\mkspecs\win32-msvc2013" /Zi /nologo /W3 /WX- /MP /Od /Oy- /D _WINDOWS /D UNICODE /D WIN32 /D QT_WIDGETS_LIB /D QT_GUI_LIB /D QT_CORE_LIB /Gm- /EHsc /MDd /GS /fp:precise /Zc:wchar_t /Zc:forScope /GR /Fo".\Debug\\" /Fd".\Debug\vc120.pdb" /Gd /TP /analyze- /errorReport:prompt -w34100 -w34189 -w44996 .\GeneratedFiles\Debug\moc_threadgetsize.cpp
         moc_threadgetsize.cpp
       Link:
         F:\VS\VC\bin\link.exe /ERRORREPORT:PROMPT /OUT:".\Debug\7z.exe" /NOLOGO /LIBPATH:D:\QT\QT5.6.3\5.6.3\MSVC2013\lib /LIBPATH:C:\Utils\my_sql\my_sqlx86\lib /LIBPATH:C:\Utils\postgresqlx86\pgsql\lib /LIBPATH:D:\Qt\Qt5.6.3\5.6.3\msvc2013\lib /LIBPATH:. qtmaind.lib shell32.lib my7z.lib Qt5Widgetsd.lib Qt5Guid.lib Qt5Cored.lib kernel32.lib user32.lib gdi32.lib winspool.lib comdlg32.lib advapi32.lib shell32.lib ole32.lib oleaut32.lib uuid.lib odbc32.lib odbccp32.lib /MANIFEST /MANIFESTUAC:"level='asInvoker' uiAccess='false'" /manifest:embed /DEBUG /PDB:".\Debug\7z.pdb" /SUBSYSTEM:WINDOWS /TLBID:1 /DYNAMICBASE /NXCOMPAT /MACHINE:X86 /SAFESEH "/MANIFESTDEPENDENCY:type='win32' name='Microsoft.Windows.Common-Controls' version='6.0.0.0' publicKeyToken='6595b64144ccf1df' language='*' processorArchitecture='*'" .\Debug\dialog.obj
         .\Debug\dialog_showlist.obj
         .\Debug\main.obj
         .\Debug\mainwindow.obj
         .\Debug\threadgetsize.obj
         .\Debug\moc_dialog.obj
         .\Debug\moc_dialog_showlist.obj
         .\Debug\moc_mainwindow.obj
         .\Debug\moc_threadgetsize.obj
     1>my7z.lib(CompExtrAPI.obj) : warning LNK4075: 忽略“/EDITANDCONTINUE”(由于“/SAFESEH”规范)
         7z.vcxproj -> D:\QtProject\7z\7z\.\Debug\7z.exe
     1>已完成生成项目“D:\QtProject\7z\7z\7z.vcxproj”(Rebuild 个目标)的操作。

生成成功。

已用时间 00:00:10.11
